Arguments: 
  /Users/reohakuta/.nodebrew/node/v10.8.0/bin/node /usr/local/Cellar/yarn/1.9.4/libexec/bin/yarn.js

PATH: 
  /usr/local/bin:/usr/bin:/bin:/usr/sbin:/sbin:/opt/X11/bin:/opt/ImageMagick/bin:/Users/reohakuta/.nodebrew/current/bin:/Users/reohakuta/.npm-global/bin/:/Users/reohakuta/node_modules/.bin/:/Users/reohakuta/.nodebrew/current/bin:/Users/reohakuta/.npm-global/bin/:/Users/reohakuta/Documents/GitRoot/yarn-test/node_modules/.bin/

Yarn version: 
  1.9.4

Node version: 
  10.8.0

Platform: 
  darwin x64

Trace: 
  SyntaxError: /Users/reohakuta/Documents/GitRoot/webapp-template/package.json: Unexpected token } in JSON at position 385
      at JSON.parse (<anonymous>)
      at /usr/local/Cellar/yarn/1.9.4/libexec/lib/cli.js:1130:59
      at Generator.next (<anonymous>)
      at step (/usr/local/Cellar/yarn/1.9.4/libexec/lib/cli.js:92:30)
      at /usr/local/Cellar/yarn/1.9.4/libexec/lib/cli.js:103:13

npm manifest: 
  {
    "name": "webapp-template",
    "version": "0.0.0",
    "private": true,
    "scripts": {
      "start": "node ./bin/www",
      "watch": "webpack-cli --watch",
      "dev": "yarn run watch & yarn run start",
      "heroku-prebuild": "yarn && yarn run webpack-cli"
    },
    "dependencies": {
      "express": "~4.16.0",
      "cookie-parser": "~1.4.3",
      "debug": "~2.6.9",
      "morgan": "~1.9.0",
    },
    "devDependencies": {
      "webpack": "^4.17.1",
      "webpack-cli": "^3.1.2",
      "react": "^16.5.0",
      "react-dom": "^16.5.0",
      "classnames": "^2.2.6",
      "babel-loader": "^8.0.2",
      "babel": "^6.23.0",
      "@babel/core": "^7.0.0",
      "@babel/preset-env": "^7.0.0",
      "@babel/preset-react": "^7.0.0",
      "style-loader": "^0.23.0",
      "css-loader": "^1.0.0",
      "glob": "^7.1.3",
      "html-loader": "^0.5.5",
      "html-webpack-plugin": "^3.2.0"
    },
    "engines": {
      "node": "10.8.0",
      "yarn": "1.9.4"
    }
  }

yarn manifest: 
  No manifest

Lockfile: 
  No lockfile
